2023-08-06 02:28:32.107098 - Initialized conversion of CBT247
2023-08-06 02:28:33.118473 - Received CBT.V505.FILE247.PDS from FILE247.XMI 
2023-08-06 02:28:33.120629 - Found $$$#DATE.txt (text/plain) in CBT.V505.FILE247.PDS, moved to PDS/$$$#DATE
2023-08-06 02:28:33.121660 - Found $$$DOC.txt (text/plain) in CBT.V505.FILE247.PDS, moved to PDS/$$$DOC
2023-08-06 02:28:33.122542 - Found $$$ISPF.txt (text/plain) in CBT.V505.FILE247.PDS, moved to PDS/$$$ISPF
2023-08-06 02:28:33.123476 - Found $$BCEDIT.txt (text/plain) in CBT.V505.FILE247.PDS, moved to PDS/$$BCEDIT
2023-08-06 02:28:33.124392 - Found $$BCMASL.jcl (text/plain) in CBT.V505.FILE247.PDS, moved to PDS/$$BCMASL
2023-08-06 02:28:33.125248 - Found $$BCMASM.jcl (text/plain) in CBT.V505.FILE247.PDS, moved to PDS/$$BCMASM
2023-08-06 02:28:33.126209 - Found $$BCMONE.jcl (text/plain) in CBT.V505.FILE247.PDS, moved to PDS/$$BCMONE
2023-08-06 02:28:33.127061 - Found $$EXPAND.txt (text/plain) in CBT.V505.FILE247.PDS, moved to PDS/$$EXPAND
2023-08-06 02:28:33.127914 - Found $$TYPE.txt (text/plain) in CBT.V505.FILE247.PDS, moved to PDS/$$TYPE
2023-08-06 02:28:33.128787 - Found $$UPDATE.txt (text/plain) in CBT.V505.FILE247.PDS, moved to PDS/$$UPDATE
2023-08-06 02:28:33.129660 - Found $LOADSPF.jcl (text/plain) in CBT.V505.FILE247.PDS, moved to PDS/$LOADSPF
2023-08-06 02:28:33.130563 - Found $NEWPROG.txt (text/plain) in CBT.V505.FILE247.PDS, moved to PDS/$NEWPROG
2023-08-06 02:28:33.131454 - Found $NOTICE.txt (text/plain) in CBT.V505.FILE247.PDS, moved to PDS/$NOTICE
2023-08-06 02:28:33.131465 - Found $USRTIP1.bin containing application/octet-stream, moved to PDS/$USRTIP1
2023-08-06 02:28:33.133299 - Found @FILE247.txt (text/plain) in CBT.V505.FILE247.PDS, moved to PDS/@FILE247
2023-08-06 02:28:33.134184 - Found @ZAP#NOT.jcl (text/plain) in CBT.V505.FILE247.PDS, moved to PDS/@ZAP#NOT
2023-08-06 02:28:33.135081 - Found BC.rexx (text/plain) in CBT.V505.FILE247.PDS, moved to PDS/BC
2023-08-06 02:28:33.135938 - Found BC#.txt (text/plain) in CBT.V505.FILE247.PDS, moved to PDS/BC#
2023-08-06 02:28:33.136806 - Found BCEDIT.rexx (text/plain) in CBT.V505.FILE247.PDS, moved to PDS/BCEDIT
2023-08-06 02:28:33.137731 - Found BCEDIT@.rexx (text/plain) in CBT.V505.FILE247.PDS, moved to PDS/BCEDIT@
2023-08-06 02:28:33.138578 - Found BCEDITM1.rexx (text/plain) in CBT.V505.FILE247.PDS, moved to PDS/BCEDITM1
2023-08-06 02:28:33.139430 - Found BCEDITM2.rexx (text/plain) in CBT.V505.FILE247.PDS, moved to PDS/BCEDITM2
2023-08-06 02:28:33.140340 - Found BCEDITO.rexx (text/plain) in CBT.V505.FILE247.PDS, moved to PDS/BCEDITO
2023-08-06 02:28:33.141230 - Found BCMCLEA$.jcl (text/plain) in CBT.V505.FILE247.PDS, moved to PDS/BCMCLEA$
2023-08-06 02:28:33.142086 - Found BCMCLEAN.txt (text/plain) in CBT.V505.FILE247.PDS, moved to PDS/BCMCLEAN
2023-08-06 02:28:33.142890 - Found BCMDEL.txt (text/plain) in CBT.V505.FILE247.PDS, moved to PDS/BCMDEL
2023-08-06 02:28:33.143693 - Found BCMDEL1.txt (text/plain) in CBT.V505.FILE247.PDS, moved to PDS/BCMDEL1
2023-08-06 02:28:33.144534 - Found BCMDEL2.txt (text/plain) in CBT.V505.FILE247.PDS, moved to PDS/BCMDEL2
2023-08-06 02:28:33.145400 - Found BCMDEL2A.txt (text/plain) in CBT.V505.FILE247.PDS, moved to PDS/BCMDEL2A
2023-08-06 02:28:33.146387 - Found BCMDEL2O.txt (text/plain) in CBT.V505.FILE247.PDS, moved to PDS/BCMDEL2O
2023-08-06 02:28:33.147261 - Found BCMDEL2X.txt (text/plain) in CBT.V505.FILE247.PDS, moved to PDS/BCMDEL2X
2023-08-06 02:28:33.148207 - Found BCMDIAG.txt (text/plain) in CBT.V505.FILE247.PDS, moved to PDS/BCMDIAG
2023-08-06 02:28:33.149160 - Found BCMDUMP.txt (text/plain) in CBT.V505.FILE247.PDS, moved to PDS/BCMDUMP
2023-08-06 02:28:33.150072 - Found BCMDUMP$.jcl (text/plain) in CBT.V505.FILE247.PDS, moved to PDS/BCMDUMP$
2023-08-06 02:28:33.150958 - Found BCMEXPN$.jcl (text/plain) in CBT.V505.FILE247.PDS, moved to PDS/BCMEXPN$
2023-08-06 02:28:33.151859 - Found BCMEXPND.txt (text/plain) in CBT.V505.FILE247.PDS, moved to PDS/BCMEXPND
2023-08-06 02:28:33.198855 - Found BCMISPF.xmi (application/xmit) in CBT.V505.FILE247.PDS
2023-08-06 02:28:33.206831   - Received to CBT247/VINHVU.ISPF
2023-08-06 02:28:33.207853 - Found BCMISPFI.txt (text/plain) in CBT.V505.FILE247.PDS, moved to PDS/BCMISPFI
2023-08-06 02:28:33.208825 - Found BCMLIS.txt (text/plain) in CBT.V505.FILE247.PDS, moved to PDS/BCMLIS
2023-08-06 02:28:33.209760 - Found BCMLIST.txt (text/plain) in CBT.V505.FILE247.PDS, moved to PDS/BCMLIST
2023-08-06 02:28:33.210682 - Found BCMLISTO.txt (text/plain) in CBT.V505.FILE247.PDS, moved to PDS/BCMLISTO
2023-08-06 02:28:33.211588 - Found BCMLISX.txt (text/plain) in CBT.V505.FILE247.PDS, moved to PDS/BCMLISX
2023-08-06 02:28:33.212458 - Found BCMLISY.txt (text/plain) in CBT.V505.FILE247.PDS, moved to PDS/BCMLISY
2023-08-06 02:28:33.213361 - Found BCMNCLE$.jcl (text/plain) in CBT.V505.FILE247.PDS, moved to PDS/BCMNCLE$
2023-08-06 02:28:33.214293 - Found BCMNCLEN.txt (text/plain) in CBT.V505.FILE247.PDS, moved to PDS/BCMNCLEN
2023-08-06 02:28:33.215149 - Found BCMNCL01.txt (text/plain) in CBT.V505.FILE247.PDS, moved to PDS/BCMNCL01
2023-08-06 02:28:33.215964 - Found BCMNCL12.txt (text/plain) in CBT.V505.FILE247.PDS, moved to PDS/BCMNCL12
2023-08-06 02:28:33.216765 - Found BCMNCL16.txt (text/plain) in CBT.V505.FILE247.PDS, moved to PDS/BCMNCL16
2023-08-06 02:28:33.217682 - Found BCMNHELP.txt (text/plain) in CBT.V505.FILE247.PDS, moved to PDS/BCMNHELP
2023-08-06 02:28:33.218587 - Found BCMNLIS$.jcl (text/plain) in CBT.V505.FILE247.PDS, moved to PDS/BCMNLIS$
2023-08-06 02:28:33.219452 - Found BCMNLIST.txt (text/plain) in CBT.V505.FILE247.PDS, moved to PDS/BCMNLIST
2023-08-06 02:28:33.220280 - Found BCMNOTF$.jcl (text/plain) in CBT.V505.FILE247.PDS, moved to PDS/BCMNOTF$
2023-08-06 02:28:33.221164 - Found BCMNOTFY.txt (text/plain) in CBT.V505.FILE247.PDS, moved to PDS/BCMNOTFY
2023-08-06 02:28:33.222063 - Found BCMNRX01.rexx (text/plain) in CBT.V505.FILE247.PDS, moved to PDS/BCMNRX01
2023-08-06 02:28:33.222955 - Found BCMNRX16.rexx (text/plain) in CBT.V505.FILE247.PDS, moved to PDS/BCMNRX16
2023-08-06 02:28:33.223786 - Found BCMNUPD.txt (text/plain) in CBT.V505.FILE247.PDS, moved to PDS/BCMNUPD
2023-08-06 02:28:33.224605 - Found BCMNUPD$.jcl (text/plain) in CBT.V505.FILE247.PDS, moved to PDS/BCMNUPD$
2023-08-06 02:28:33.225477 - Found BCMREST.txt (text/plain) in CBT.V505.FILE247.PDS, moved to PDS/BCMREST
2023-08-06 02:28:33.226353 - Found BCMREST$.jcl (text/plain) in CBT.V505.FILE247.PDS, moved to PDS/BCMREST$
2023-08-06 02:28:33.227273 - Found BCMSCAN.txt (text/plain) in CBT.V505.FILE247.PDS, moved to PDS/BCMSCAN
2023-08-06 02:28:33.228089 - Found BCMSCAN$.jcl (text/plain) in CBT.V505.FILE247.PDS, moved to PDS/BCMSCAN$
2023-08-06 02:28:33.228909 - Found BCMSCAN#.jcl (text/plain) in CBT.V505.FILE247.PDS, moved to PDS/BCMSCAN#
2023-08-06 02:28:33.229839 - Found BCMSEND.txt (text/plain) in CBT.V505.FILE247.PDS, moved to PDS/BCMSEND
2023-08-06 02:28:33.230671 - Found BCMU.txt (text/plain) in CBT.V505.FILE247.PDS, moved to PDS/BCMU
2023-08-06 02:28:33.231525 - Found BCMUSAD$.jcl (text/plain) in CBT.V505.FILE247.PDS, moved to PDS/BCMUSAD$
2023-08-06 02:28:33.232402 - Found BCMUSADD.txt (text/plain) in CBT.V505.FILE247.PDS, moved to PDS/BCMUSADD
2023-08-06 02:28:33.233290 - Found BCMUSDE$.jcl (text/plain) in CBT.V505.FILE247.PDS, moved to PDS/BCMUSDE$
2023-08-06 02:28:33.234155 - Found BCMUSDEL.txt (text/plain) in CBT.V505.FILE247.PDS, moved to PDS/BCMUSDEL
2023-08-06 02:28:33.235041 - Found BCMUSERS.txt (text/plain) in CBT.V505.FILE247.PDS, moved to PDS/BCMUSERS
2023-08-06 02:28:33.235892 - Found BCMXPOR$.jcl (text/plain) in CBT.V505.FILE247.PDS, moved to PDS/BCMXPOR$
2023-08-06 02:28:33.236783 - Found BCMXPORT.txt (text/plain) in CBT.V505.FILE247.PDS, moved to PDS/BCMXPORT
2023-08-06 02:28:33.237704 - Found BDMDSFI$.jcl (text/plain) in CBT.V505.FILE247.PDS, moved to PDS/BDMDSFI$
2023-08-06 02:28:33.242873 - Found BDMDSFIX.xmi (application/xmit) in CBT.V505.FILE247.PDS
2023-08-06 02:28:33.248371   - Received RECFM=U data, stored XMIT file as CBT247/BDMDSFIX.xmi
2023-08-06 02:28:33.249290 - Found BDMNNOT$.jcl (text/plain) in CBT.V505.FILE247.PDS, moved to PDS/BDMNNOT$
2023-08-06 02:28:33.250214 - Found BDMNNOTC.txt (text/plain) in CBT.V505.FILE247.PDS, moved to PDS/BDMNNOTC
2023-08-06 02:28:33.251089 - Found BDMPUTL.txt (text/plain) in CBT.V505.FILE247.PDS, moved to PDS/BDMPUTL
2023-08-06 02:28:33.257522 - Found BDMSCAN.xmi (application/xmit) in CBT.V505.FILE247.PDS
2023-08-06 02:28:33.263017   - Received RECFM=U data, stored XMIT file as CBT247/BDMSCAN.xmi
2023-08-06 02:28:33.263883 - Found BDMSCAN$.jcl (text/plain) in CBT.V505.FILE247.PDS, moved to PDS/BDMSCAN$
2023-08-06 02:28:33.264685 - Found BDMUSAD$.jcl (text/plain) in CBT.V505.FILE247.PDS, moved to PDS/BDMUSAD$
2023-08-06 02:28:33.265564 - Found BDMUSADD.txt (text/plain) in CBT.V505.FILE247.PDS, moved to PDS/BDMUSADD
2023-08-06 02:28:33.266358 - Found BDMUSDE$.jcl (text/plain) in CBT.V505.FILE247.PDS, moved to PDS/BDMUSDE$
2023-08-06 02:28:33.267172 - Found BDMUSDEL.txt (text/plain) in CBT.V505.FILE247.PDS, moved to PDS/BDMUSDEL
2023-08-06 02:28:33.267954 - Found CLISTS.txt (text/plain) in CBT.V505.FILE247.PDS, moved to PDS/CLISTS
2023-08-06 02:28:33.268758 - Found CPSCB.txt (text/plain) in CBT.V505.FILE247.PDS, moved to PDS/CPSCB
2023-08-06 02:28:33.269691 - Found CPSCB$.jcl (text/plain) in CBT.V505.FILE247.PDS, moved to PDS/CPSCB$
2023-08-06 02:28:33.270564 - Found CPSCB#.txt (text/plain) in CBT.V505.FILE247.PDS, moved to PDS/CPSCB#
2023-08-06 02:28:33.271377 - Found DNOTICE.txt (text/plain) in CBT.V505.FILE247.PDS, moved to PDS/DNOTICE
2023-08-06 02:28:33.272215 - Found IKJEESX9.txt (text/plain) in CBT.V505.FILE247.PDS, moved to PDS/IKJEESX9
2023-08-06 02:28:33.273044 - Found IKJZT3$$.txt (text/plain) in CBT.V505.FILE247.PDS, moved to PDS/IKJZT3$$
2023-08-06 02:28:33.273915 - Found IKJZT301.txt (text/plain) in CBT.V505.FILE247.PDS, moved to PDS/IKJZT301
2023-08-06 02:28:33.274819 - Found IKJZT302.txt (text/plain) in CBT.V505.FILE247.PDS, moved to PDS/IKJZT302
2023-08-06 02:28:33.275634 - Found IKJZT303.txt (text/plain) in CBT.V505.FILE247.PDS, moved to PDS/IKJZT303
2023-08-06 02:28:33.276440 - Found IKJZT304.txt (text/plain) in CBT.V505.FILE247.PDS, moved to PDS/IKJZT304
2023-08-06 02:28:33.277340 - Found IKJZT305.txt (text/plain) in CBT.V505.FILE247.PDS, moved to PDS/IKJZT305
2023-08-06 02:28:33.278216 - Found IKJZT306.txt (text/plain) in CBT.V505.FILE247.PDS, moved to PDS/IKJZT306
2023-08-06 02:28:33.279058 - Found INCLUDE.txt (text/plain) in CBT.V505.FILE247.PDS, moved to PDS/INCLUDE
2023-08-06 02:28:33.279918 - Found INCLUDEA.txt (text/plain) in CBT.V505.FILE247.PDS, moved to PDS/INCLUDEA
2023-08-06 02:28:33.280758 - Found ISRZ00.txt (text/plain) in CBT.V505.FILE247.PDS, moved to PDS/ISRZ00
2023-08-06 02:28:33.321948 - Found LOADLIB.xmi (application/xmit) in CBT.V505.FILE247.PDS
2023-08-06 02:28:33.352328   - Received RECFM=U data, stored XMIT file as CBT247/LOADLIB.xmi
2023-08-06 02:28:33.353274 - Found LPSCB.txt (text/plain) in CBT.V505.FILE247.PDS, moved to PDS/LPSCB
2023-08-06 02:28:33.354155 - Found LPSCB$.jcl (text/plain) in CBT.V505.FILE247.PDS, moved to PDS/LPSCB$
2023-08-06 02:28:33.355068 - Found LPSCB#.txt (text/plain) in CBT.V505.FILE247.PDS, moved to PDS/LPSCB#
2023-08-06 02:28:33.356010 - Found MACROS.txt (text/plain) in CBT.V505.FILE247.PDS, moved to PDS/MACROS
2023-08-06 02:28:33.356830 - Found MYID.txt (text/plain) in CBT.V505.FILE247.PDS, moved to PDS/MYID
2023-08-06 02:28:33.357705 - Found MYID$.jcl (text/plain) in CBT.V505.FILE247.PDS, moved to PDS/MYID$
2023-08-06 02:28:33.358593 - Found MYIDN.txt (text/plain) in CBT.V505.FILE247.PDS, moved to PDS/MYIDN
2023-08-06 02:28:33.359432 - Found MYIDN$.jcl (text/plain) in CBT.V505.FILE247.PDS, moved to PDS/MYIDN$
2023-08-06 02:28:33.360251 - Found MYIDP.txt (text/plain) in CBT.V505.FILE247.PDS, moved to PDS/MYIDP
2023-08-06 02:28:33.361092 - Found MYIDP$.jcl (text/plain) in CBT.V505.FILE247.PDS, moved to PDS/MYIDP$
2023-08-06 02:28:33.361973 - Found MYIDP1.txt (text/plain) in CBT.V505.FILE247.PDS, moved to PDS/MYIDP1
2023-08-06 02:28:33.362797 - Found MYIDP2.txt (text/plain) in CBT.V505.FILE247.PDS, moved to PDS/MYIDP2
2023-08-06 02:28:33.362807 - Found PANELS.bin containing application/octet-stream, moved to PDS/PANELS
2023-08-06 02:28:33.364468 - Found SENDX.txt (text/plain) in CBT.V505.FILE247.PDS, moved to PDS/SENDX
2023-08-06 02:28:33.365340 - Found SYSTM.txt (text/plain) in CBT.V505.FILE247.PDS, moved to PDS/SYSTM
2023-08-06 02:28:33.366226 - Found TSOB.rexx (text/plain) in CBT.V505.FILE247.PDS, moved to PDS/TSOB
2023-08-06 02:28:33.367066 - Found TSOE.rexx (text/plain) in CBT.V505.FILE247.PDS, moved to PDS/TSOE
2023-08-06 02:28:33.367886 - Found TSOR.rexx (text/plain) in CBT.V505.FILE247.PDS, moved to PDS/TSOR
2023-08-06 02:28:33.368706 - Found TSOV.rexx (text/plain) in CBT.V505.FILE247.PDS, moved to PDS/TSOV
2023-08-06 02:28:33.369571 - Found WJMAINT.txt (text/plain) in CBT.V505.FILE247.PDS, moved to PDS/WJMAINT
